# JRE version: OpenJDK Runtime Environment Temurin-21.0.3+9 (21.0.3+9) (build 21.0.3+9-LTS)
# Java VM: OpenJDK 64-Bit Server VM Temurin-21.0.3+9 (21.0.3+9-LTS, mixed mode, tiered, compressed oops, compressed class ptrs, g1 gc, windows-amd64)
GC Precious Log:
 CardTable entry size: 512
 Card Set container configuration: InlinePtr #cards 5 size 8 Array Of Cards #cards 12 size 40 Howl #buckets 4 coarsen threshold 1843 Howl Bitmap #cards 512 size 80 coarsen threshold 460 Card regions per heap region 1 cards per card region 2048
 CPUs: 16 total, 16 available
 Memory: 15901M
 Large Page Support: Disabled
 NUMA Support: Disabled
 Compressed Oops: Enabled (32-bit)
 Heap Region Size: 1M
 Heap Min Capacity: 256M
 Heap Initial Capacity: 256M
 Heap Max Capacity: 1G
 Pre-touch: Disabled
 Parallel Workers: 13
 Concurrent Workers: 3
 Concurrent Refinement Workers: 13
 Periodic GC: Disabled
 String Deduplication is enabled
Heap:
 garbage-first heap   total 377856K, used 226486K [0x00000000c0000000, 0x0000000100000000)
  region size 1024K, 18 young (18432K), 9 survivors (9216K)
 Metaspace       used 167069K, committed 169856K, reserved 1245184K
  class space    used 19182K, committed 20352K, reserved 1048576K
GC Heap History (20 events):
Event: 30.325 GC heap before
{Heap before GC invocations=49 (full 0):
 garbage-first heap   total 281600K, used 261783K [0x00000000c0000000, 0x0000000100000000)
  region size 1024K, 105 young (107520K), 4 survivors (4096K)
 Metaspace       used 129884K, committed 132352K, reserved 1179648K
  class space    used 14956K, committed 16000K, reserved 1048576K
}
Event: 30.331 GC heap after
{Heap after GC invocations=50 (full 0):
 garbage-first heap   total 281600K, used 157981K [0x00000000c0000000, 0x0000000100000000)
  region size 1024K, 7 young (7168K), 7 survivors (7168K)
 Metaspace       used 129884K, committed 132352K, reserved 1179648K
  class space    used 14956K, committed 16000K, reserved 1048576K
}
Event: 30.987 GC heap before
{Heap before GC invocations=50 (full 0):
 garbage-first heap   total 281600K, used 258333K [0x00000000c0000000, 0x0000000100000000)
  region size 1024K, 105 young (107520K), 7 survivors (7168K)
 Metaspace       used 132535K, committed 135104K, reserved 1179648K
  class space    used 15228K, committed 16320K, reserved 1048576K
}
Event: 30.991 GC heap after
{Heap after GC invocations=51 (full 0):
 garbage-first heap   total 281600K, used 159226K [0x00000000c0000000, 0x0000000100000000)
  region size 1024K, 8 young (8192K), 8 survivors (8192K)
 Metaspace       used 132535K, committed 135104K, reserved 1179648K
  class space    used 15228K, committed 16320K, reserved 1048576K
}
Event: 31.716 GC heap before
{Heap before GC invocations=52 (full 0):
 garbage-first heap   total 291840K, used 259578K [0x00000000c0000000, 0x0000000100000000)
  region size 1024K, 104 young (106496K), 8 survivors (8192K)
 Metaspace       used 133534K, committed 136064K, reserved 1179648K
  class space    used 15407K, committed 16448K, reserved 1048576K
}
Event: 31.721 GC heap after
{Heap after GC invocations=53 (full 0):
 garbage-first heap   total 291840K, used 160045K [0x00000000c0000000, 0x0000000100000000)
  region size 1024K, 8 young (8192K), 8 survivors (8192K)
 Metaspace       used 133534K, committed 136064K, reserved 1179648K
  class space    used 15407K, committed 16448K, reserved 1048576K
}
Event: 32.996 GC heap before
{Heap before GC invocations=53 (full 0):
 garbage-first heap   total 291840K, used 275757K [0x00000000c0000000, 0x0000000100000000)
  region size 1024K, 113 young (115712K), 8 survivors (8192K)
 Metaspace       used 137185K, committed 139840K, reserved 1179648K
  class space    used 15852K, committed 16960K, reserved 1048576K
}
Event: 33.002 GC heap after
{Heap after GC invocations=54 (full 0):
 garbage-first heap   total 292864K, used 170676K [0x00000000c0000000, 0x0000000100000000)
  region size 1024K, 12 young (12288K), 12 survivors (12288K)
 Metaspace       used 137185K, committed 139840K, reserved 1179648K
  class space    used 15852K, committed 16960K, reserved 1048576K
}
Event: 34.868 GC heap before
{Heap before GC invocations=54 (full 0):
 garbage-first heap   total 292864K, used 262836K [0x00000000c0000000, 0x0000000100000000)
  region size 1024K, 103 young (105472K), 12 survivors (12288K)
 Metaspace       used 147388K, committed 150208K, reserved 1245184K
  class space    used 17064K, committed 18240K, reserved 1048576K
}
Event: 34.875 GC heap after
{Heap after GC invocations=55 (full 0):
 garbage-first heap   total 292864K, used 173568K [0x00000000c0000000, 0x0000000100000000)
  region size 1024K, 13 young (13312K), 13 survivors (13312K)
 Metaspace       used 147388K, committed 150208K, reserved 1245184K
  class space    used 17064K, committed 18240K, reserved 1048576K
}
Event: 35.137 GC heap before
{Heap before GC invocations=56 (full 0):
 garbage-first heap   total 377856K, used 259584K [0x00000000c0000000, 0x0000000100000000)
  region size 1024K, 97 young (99328K), 13 survivors (13312K)
 Metaspace       used 148083K, committed 150848K, reserved 1245184K
  class space    used 17141K, committed 18304K, reserved 1048576K
}
Event: 35.146 GC heap after
{Heap after GC invocations=57 (full 0):
 garbage-first heap   total 377856K, used 180513K [0x00000000c0000000, 0x0000000100000000)
  region size 1024K, 13 young (13312K), 13 survivors (13312K)
 Metaspace       used 148083K, committed 150848K, reserved 1245184K
  class space    used 17141K, committed 18304K, reserved 1048576K
}
Event: 35.590 GC heap before
{Heap before GC invocations=57 (full 0):
 garbage-first heap   total 377856K, used 343329K [0x00000000c0000000, 0x0000000100000000)
  region size 1024K, 173 young (177152K), 13 survivors (13312K)
 Metaspace       used 149331K, committed 152128K, reserved 1245184K
  class space    used 17264K, committed 18432K, reserved 1048576K
}
Event: 35.598 GC heap after
{Heap after GC invocations=58 (full 0):
 garbage-first heap   total 377856K, used 187846K [0x00000000c0000000, 0x0000000100000000)
  region size 1024K, 15 young (15360K), 15 survivors (15360K)
 Metaspace       used 149331K, committed 152128K, reserved 1245184K
  class space    used 17264K, committed 18432K, reserved 1048576K
}
Event: 37.028 GC heap before
{Heap before GC invocations=58 (full 0):
 garbage-first heap   total 377856K, used 275910K [0x00000000c0000000, 0x0000000100000000)
  region size 1024K, 103 young (105472K), 15 survivors (15360K)
 Metaspace       used 155774K, committed 158592K, reserved 1245184K
  class space    used 17934K, committed 19072K, reserved 1048576K
}
Event: 37.038 GC heap after
{Heap after GC invocations=59 (full 0):
 garbage-first heap   total 377856K, used 202582K [0x00000000c0000000, 0x0000000100000000)
  region size 1024K, 21 young (21504K), 21 survivors (21504K)
 Metaspace       used 155774K, committed 158592K, reserved 1245184K
  class space    used 17934K, committed 19072K, reserved 1048576K
}
Event: 38.398 GC heap before
{Heap before GC invocations=60 (full 0):
 garbage-first heap   total 377856K, used 336726K [0x00000000c0000000, 0x0000000100000000)
  region size 1024K, 152 young (155648K), 21 survivors (21504K)
 Metaspace       used 159604K, committed 162432K, reserved 1245184K
  class space    used 18325K, committed 19520K, reserved 1048576K
}
Event: 38.409 GC heap after
{Heap after GC invocations=61 (full 0):
 garbage-first heap   total 377856K, used 213618K [0x00000000c0000000, 0x0000000100000000)
  region size 1024K, 11 young (11264K), 11 survivors (11264K)
 Metaspace       used 159604K, committed 162432K, reserved 1245184K
  class space    used 18325K, committed 19520K, reserved 1048576K
}
Event: 39.155 GC heap before
{Heap before GC invocations=61 (full 0):
 garbage-first heap   total 377856K, used 339570K [0x00000000c0000000, 0x0000000100000000)
  region size 1024K, 135 young (138240K), 11 survivors (11264K)
 Metaspace       used 162989K, committed 165760K, reserved 1245184K
  class space    used 18719K, committed 19904K, reserved 1048576K
}
Event: 39.163 GC heap after
{Heap after GC invocations=62 (full 0):
 garbage-first heap   total 377856K, used 213166K [0x00000000c0000000, 0x0000000100000000)
  region size 1024K, 5 young (5120K), 5 survivors (5120K)
 Metaspace       used 162989K, committed 165760K, reserved 1245184K
  class space    used 18719K, committed 19904K, reserved 1048576K
}

